<?xml version="1.0" encoding="UTF-8"?>
<coverage generated="1586813077735" clover="3.2.0">
  <project timestamp="1586813077736" name="All files">
    <metrics statements="136" coveredstatements="117" conditionals="14" coveredconditionals="9" methods="57" coveredmethods="45" elements="207" coveredelements="171" complexity="0" loc="136" ncloc="136" packages="3" files="6" classes="6"/>
    <package name="controllers">
      <metrics statements="76" coveredstatements="62" conditionals="10" coveredconditionals="6" methods="24" coveredmethods="21"/>
      <file name="cart-controller.js" path="C:\Users\bagel\Documents\School\Spring2020\SoftwareEngineering\drake-cs188-master-april14\controllers\cart-controller.js">
        <metrics statements="37" coveredstatements="23" conditionals="6" coveredconditionals="2" methods="11" coveredmethods="8"/>
        <line num="7" count="1" type="stmt"/>
        <line num="9" count="1" type="stmt"/>
        <line num="10" count="1" type="stmt"/>
        <line num="11" count="1" type="stmt"/>
        <line num="17" count="1" type="stmt"/>
        <line num="18" count="1" type="stmt"/>
        <line num="20" count="2" type="stmt"/>
        <line num="22" count="2" type="cond" truecount="2" falsecount="0"/>
        <line num="23" count="1" type="stmt"/>
        <line num="26" count="1" type="stmt"/>
        <line num="33" count="1" type="stmt"/>
        <line num="34" count="1" type="stmt"/>
        <line num="36" count="0" type="stmt"/>
        <line num="38" count="0" type="cond" truecount="0" falsecount="2"/>
        <line num="39" count="0" type="stmt"/>
        <line num="42" count="0" type="stmt"/>
        <line num="44" count="0" type="stmt"/>
        <line num="51" count="1" type="stmt"/>
        <line num="52" count="1" type="stmt"/>
        <line num="54" count="0" type="stmt"/>
        <line num="56" count="0" type="stmt"/>
        <line num="58" count="0" type="stmt"/>
        <line num="65" count="1" type="stmt"/>
        <line num="66" count="1" type="stmt"/>
        <line num="68" count="0" type="stmt"/>
        <line num="70" count="0" type="stmt"/>
        <line num="72" count="0" type="cond" truecount="0" falsecount="2"/>
        <line num="73" count="0" type="stmt"/>
        <line num="76" count="0" type="stmt"/>
        <line num="78" count="0" type="stmt"/>
        <line num="85" count="1" type="stmt"/>
        <line num="86" count="1" type="stmt"/>
        <line num="87" count="1" type="stmt"/>
        <line num="88" count="1" type="stmt"/>
        <line num="89" count="1" type="stmt"/>
        <line num="90" count="1" type="stmt"/>
        <line num="93" count="1" type="stmt"/>
      </file>
      <file name="customer-controller.js" path="C:\Users\bagel\Documents\School\Spring2020\SoftwareEngineering\drake-cs188-master-april14\controllers\customer-controller.js">
        <metrics statements="39" coveredstatements="39" conditionals="4" coveredconditionals="4" methods="13" coveredmethods="13"/>
        <line num="7" count="1" type="stmt"/>
        <line num="8" count="1" type="stmt"/>
        <line num="10" count="1" type="stmt"/>
        <line num="11" count="1" type="stmt"/>
        <line num="13" count="2" type="stmt"/>
        <line num="14" count="2" type="stmt"/>
        <line num="16" count="2" type="cond" truecount="2" falsecount="0"/>
        <line num="17" count="1" type="stmt"/>
        <line num="20" count="1" type="stmt"/>
        <line num="27" count="1" type="stmt"/>
        <line num="28" count="1" type="stmt"/>
        <line num="29" count="1" type="stmt"/>
        <line num="35" count="1" type="stmt"/>
        <line num="36" count="1" type="stmt"/>
        <line num="38" count="1" type="stmt"/>
        <line num="40" count="1" type="stmt"/>
        <line num="42" count="1" type="stmt"/>
        <line num="49" count="1" type="stmt"/>
        <line num="50" count="1" type="stmt"/>
        <line num="52" count="1" type="stmt"/>
        <line num="54" count="1" type="stmt"/>
        <line num="61" count="1" type="stmt"/>
        <line num="62" count="1" type="stmt"/>
        <line num="64" count="1" type="stmt"/>
        <line num="66" count="1" type="stmt"/>
        <line num="73" count="1" type="stmt"/>
        <line num="74" count="1" type="stmt"/>
        <line num="76" count="2" type="stmt"/>
        <line num="78" count="2" type="cond" truecount="2" falsecount="0"/>
        <line num="79" count="1" type="stmt"/>
        <line num="82" count="1" type="stmt"/>
        <line num="89" count="1" type="stmt"/>
        <line num="90" count="1" type="stmt"/>
        <line num="91" count="1" type="stmt"/>
        <line num="92" count="1" type="stmt"/>
        <line num="93" count="1" type="stmt"/>
        <line num="94" count="1" type="stmt"/>
        <line num="95" count="1" type="stmt"/>
        <line num="98" count="1" type="stmt"/>
      </file>
    </package>
    <package name="repositories">
      <metrics statements="27" coveredstatements="23" conditionals="0" coveredconditionals="0" methods="18" coveredmethods="13"/>
      <file name="cart-repository.js" path="C:\Users\bagel\Documents\School\Spring2020\SoftwareEngineering\drake-cs188-master-april14\repositories\cart-repository.js">
        <metrics statements="14" coveredstatements="10" conditionals="0" coveredconditionals="0" methods="10" coveredmethods="5"/>
        <line num="1" count="4" type="stmt"/>
        <line num="12" count="4" type="stmt"/>
        <line num="16" count="4" type="stmt"/>
        <line num="17" count="3" type="stmt"/>
        <line num="19" count="4" type="stmt"/>
        <line num="20" count="4" type="stmt"/>
        <line num="23" count="4" type="stmt"/>
        <line num="24" count="0" type="stmt"/>
        <line num="25" count="0" type="stmt"/>
        <line num="28" count="0" type="stmt"/>
        <line num="34" count="4" type="stmt"/>
        <line num="36" count="4" type="stmt"/>
        <line num="37" count="0" type="stmt"/>
        <line num="40" count="4" type="stmt"/>
      </file>
      <file name="customer-repository.js" path="C:\Users\bagel\Documents\School\Spring2020\SoftwareEngineering\drake-cs188-master-april14\repositories\customer-repository.js">
        <metrics statements="13" coveredstatements="13" conditionals="0" coveredconditionals="0" methods="8" coveredmethods="8"/>
        <line num="1" count="3" type="stmt"/>
        <line num="10" count="3" type="stmt"/>
        <line num="14" count="3" type="stmt"/>
        <line num="15" count="3" type="stmt"/>
        <line num="17" count="3" type="stmt"/>
        <line num="19" count="3" type="stmt"/>
        <line num="20" count="1" type="stmt"/>
        <line num="21" count="1" type="stmt"/>
        <line num="24" count="1" type="stmt"/>
        <line num="30" count="3" type="stmt"/>
        <line num="31" count="1" type="stmt"/>
        <line num="32" count="1" type="stmt"/>
        <line num="36" count="3" type="stmt"/>
      </file>
    </package>
    <package name="services">
      <metrics statements="33" coveredstatements="32" conditionals="4" coveredconditionals="3" methods="15" coveredmethods="11"/>
      <file name="cart-service.js" path="C:\Users\bagel\Documents\School\Spring2020\SoftwareEngineering\drake-cs188-master-april14\services\cart-service.js">
        <metrics statements="18" coveredstatements="17" conditionals="2" coveredconditionals="1" methods="8" coveredmethods="4"/>
        <line num="8" count="3" type="stmt"/>
        <line num="10" count="3" type="stmt"/>
        <line num="15" count="3" type="stmt"/>
        <line num="20" count="3" type="stmt"/>
        <line num="21" count="1" type="stmt"/>
        <line num="23" count="1" type="stmt"/>
        <line num="26" count="3" type="stmt"/>
        <line num="27" count="1" type="stmt"/>
        <line num="29" count="1" type="cond" truecount="1" falsecount="1"/>
        <line num="30" count="0" type="stmt"/>
        <line num="33" count="1" type="stmt"/>
        <line num="36" count="3" type="stmt"/>
        <line num="37" count="1" type="stmt"/>
        <line num="39" count="1" type="stmt"/>
        <line num="42" count="3" type="stmt"/>
        <line num="43" count="3" type="stmt"/>
        <line num="44" count="3" type="stmt"/>
        <line num="46" count="3" type="stmt"/>
      </file>
      <file name="customer-service.js" path="C:\Users\bagel\Documents\School\Spring2020\SoftwareEngineering\drake-cs188-master-april14\services\customer-service.js">
        <metrics statements="15" coveredstatements="15" conditionals="2" coveredconditionals="2" methods="7" coveredmethods="7"/>
        <line num="7" count="2" type="stmt"/>
        <line num="9" count="2" type="stmt"/>
        <line num="16" count="2" type="stmt"/>
        <line num="23" count="2" type="stmt"/>
        <line num="24" count="1" type="stmt"/>
        <line num="26" count="1" type="stmt"/>
        <line num="29" count="2" type="stmt"/>
        <line num="30" count="2" type="stmt"/>
        <line num="32" count="2" type="cond" truecount="2" falsecount="0"/>
        <line num="33" count="1" type="stmt"/>
        <line num="36" count="1" type="stmt"/>
        <line num="39" count="2" type="stmt"/>
        <line num="40" count="2" type="stmt"/>
        <line num="41" count="2" type="stmt"/>
        <line num="43" count="2" type="stmt"/>
      </file>
    </package>
  </project>
</coverage>
