{"C:\\Users\\bagel\\Documents\\School\\Spring2020\\SoftwareEngineering\\drake-cs188-master-april14\\controllers\\cart-controller.js": {"path":"C:\\Users\\bagel\\Documents\\School\\Spring2020\\SoftwareEngineering\\drake-cs188-master-april14\\controllers\\cart-controller.js","statementMap":{"0":{"start":{"line":7,"column":4},"end":{"line":7,"column":39}},"1":{"start":{"line":9,"column":22},"end":{"line":15,"column":1}},"2":{"start":{"line":10,"column":4},"end":{"line":14,"column":7}},"3":{"start":{"line":11,"column":23},"end":{"line":11,"column":36}},"4":{"start":{"line":17,"column":29},"end":{"line":31,"column":1}},"5":{"start":{"line":18,"column":4},"end":{"line":30,"column":7}},"6":{"start":{"line":20,"column":25},"end":{"line":20,"column":63}},"7":{"start":{"line":22,"column":12},"end":{"line":24,"column":13}},"8":{"start":{"line":23,"column":16},"end":{"line":23,"column":46}},"9":{"start":{"line":26,"column":12},"end":{"line":26,"column":24}},"10":{"start":{"line":33,"column":24},"end":{"line":49,"column":1}},"11":{"start":{"line":34,"column":4},"end":{"line":48,"column":7}},"12":{"start":{"line":36,"column":25},"end":{"line":36,"column":63}},"13":{"start":{"line":38,"column":12},"end":{"line":40,"column":13}},"14":{"start":{"line":39,"column":16},"end":{"line":39,"column":46}},"15":{"start":{"line":42,"column":12},"end":{"line":42,"column":40}},"16":{"start":{"line":44,"column":12},"end":{"line":44,"column":22}},"17":{"start":{"line":51,"column":21},"end":{"line":63,"column":1}},"18":{"start":{"line":52,"column":4},"end":{"line":62,"column":7}},"19":{"start":{"line":54,"column":25},"end":{"line":54,"column":40}},"20":{"start":{"line":56,"column":12},"end":{"line":56,"column":26}},"21":{"start":{"line":58,"column":12},"end":{"line":58,"column":46}},"22":{"start":{"line":65,"column":24},"end":{"line":83,"column":1}},"23":{"start":{"line":66,"column":4},"end":{"line":82,"column":7}},"24":{"start":{"line":68,"column":29},"end":{"line":68,"column":43}},"25":{"start":{"line":70,"column":25},"end":{"line":70,"column":48}},"26":{"start":{"line":72,"column":12},"end":{"line":74,"column":13}},"27":{"start":{"line":73,"column":16},"end":{"line":73,"column":46}},"28":{"start":{"line":76,"column":12},"end":{"line":76,"column":39}},"29":{"start":{"line":78,"column":12},"end":{"line":78,"column":22}},"30":{"start":{"line":85,"column":28},"end":{"line":91,"column":1}},"31":{"start":{"line":86,"column":4},"end":{"line":86,"column":26}},"32":{"start":{"line":87,"column":4},"end":{"line":87,"column":33}},"33":{"start":{"line":88,"column":4},"end":{"line":88,"column":25}},"34":{"start":{"line":89,"column":4},"end":{"line":89,"column":28}},"35":{"start":{"line":90,"column":4},"end":{"line":90,"column":28}},"36":{"start":{"line":93,"column":0},"end":{"line":95,"column":2}}},"fnMap":{"0":{"name":"(anonymous_0)","decl":{"start":{"line":9,"column":22},"end":{"line":9,"column":23}},"loc":{"start":{"line":9,"column":34},"end":{"line":15,"column":1}},"line":9},"1":{"name":"(anonymous_1)","decl":{"start":{"line":11,"column":17},"end":{"line":11,"column":18}},"loc":{"start":{"line":11,"column":23},"end":{"line":11,"column":36}},"line":11},"2":{"name":"(anonymous_2)","decl":{"start":{"line":17,"column":29},"end":{"line":17,"column":30}},"loc":{"start":{"line":17,"column":41},"end":{"line":31,"column":1}},"line":17},"3":{"name":"(anonymous_3)","decl":{"start":{"line":19,"column":17},"end":{"line":19,"column":18}},"loc":{"start":{"line":19,"column":33},"end":{"line":27,"column":9}},"line":19},"4":{"name":"(anonymous_4)","decl":{"start":{"line":33,"column":24},"end":{"line":33,"column":25}},"loc":{"start":{"line":33,"column":36},"end":{"line":49,"column":1}},"line":33},"5":{"name":"(anonymous_5)","decl":{"start":{"line":35,"column":17},"end":{"line":35,"column":18}},"loc":{"start":{"line":35,"column":33},"end":{"line":45,"column":9}},"line":35},"6":{"name":"(anonymous_6)","decl":{"start":{"line":51,"column":21},"end":{"line":51,"column":22}},"loc":{"start":{"line":51,"column":33},"end":{"line":63,"column":1}},"line":51},"7":{"name":"(anonymous_7)","decl":{"start":{"line":53,"column":17},"end":{"line":53,"column":18}},"loc":{"start":{"line":53,"column":33},"end":{"line":59,"column":9}},"line":53},"8":{"name":"(anonymous_8)","decl":{"start":{"line":65,"column":24},"end":{"line":65,"column":25}},"loc":{"start":{"line":65,"column":36},"end":{"line":83,"column":1}},"line":65},"9":{"name":"(anonymous_9)","decl":{"start":{"line":67,"column":17},"end":{"line":67,"column":18}},"loc":{"start":{"line":67,"column":33},"end":{"line":79,"column":9}},"line":67},"10":{"name":"(anonymous_10)","decl":{"start":{"line":85,"column":28},"end":{"line":85,"column":29}},"loc":{"start":{"line":85,"column":40},"end":{"line":91,"column":1}},"line":85}},"branchMap":{"0":{"loc":{"start":{"line":22,"column":12},"end":{"line":24,"column":13}},"type":"if","locations":[{"start":{"line":22,"column":12},"end":{"line":24,"column":13}},{"start":{"line":22,"column":12},"end":{"line":24,"column":13}}],"line":22},"1":{"loc":{"start":{"line":38,"column":12},"end":{"line":40,"column":13}},"type":"if","locations":[{"start":{"line":38,"column":12},"end":{"line":40,"column":13}},{"start":{"line":38,"column":12},"end":{"line":40,"column":13}}],"line":38},"2":{"loc":{"start":{"line":72,"column":12},"end":{"line":74,"column":13}},"type":"if","locations":[{"start":{"line":72,"column":12},"end":{"line":74,"column":13}},{"start":{"line":72,"column":12},"end":{"line":74,"column":13}}],"line":72}},"s":{"0":1,"1":1,"2":1,"3":1,"4":1,"5":1,"6":2,"7":2,"8":1,"9":1,"10":1,"11":1,"12":0,"13":0,"14":0,"15":0,"16":0,"17":1,"18":1,"19":0,"20":0,"21":0,"22":1,"23":1,"24":0,"25":0,"26":0,"27":0,"28":0,"29":0,"30":1,"31":1,"32":1,"33":1,"34":1,"35":1,"36":1},"f":{"0":1,"1":1,"2":1,"3":2,"4":1,"5":0,"6":1,"7":0,"8":1,"9":0,"10":1},"b":{"0":[1,1],"1":[0,0],"2":[0,0]},"_coverageSchema":"1a1c01bbd47fc00a2c39e90264f33305004495a9","hash":"af6db02cf684b032b98f9203b69c20848a22603a"}
,"C:\\Users\\bagel\\Documents\\School\\Spring2020\\SoftwareEngineering\\drake-cs188-master-april14\\controllers\\customer-controller.js": {"path":"C:\\Users\\bagel\\Documents\\School\\Spring2020\\SoftwareEngineering\\drake-cs188-master-april14\\controllers\\customer-controller.js","statementMap":{"0":{"start":{"line":7,"column":4},"end":{"line":7,"column":43}},"1":{"start":{"line":8,"column":31},"end":{"line":8,"column":66}},"2":{"start":{"line":10,"column":31},"end":{"line":25,"column":1}},"3":{"start":{"line":11,"column":4},"end":{"line":24,"column":7}},"4":{"start":{"line":13,"column":31},"end":{"line":13,"column":56}},"5":{"start":{"line":14,"column":29},"end":{"line":14,"column":64}},"6":{"start":{"line":16,"column":12},"end":{"line":18,"column":13}},"7":{"start":{"line":17,"column":16},"end":{"line":17,"column":46}},"8":{"start":{"line":20,"column":12},"end":{"line":20,"column":52}},"9":{"start":{"line":27,"column":26},"end":{"line":33,"column":1}},"10":{"start":{"line":28,"column":4},"end":{"line":32,"column":7}},"11":{"start":{"line":29,"column":23},"end":{"line":29,"column":40}},"12":{"start":{"line":35,"column":26},"end":{"line":47,"column":1}},"13":{"start":{"line":36,"column":4},"end":{"line":46,"column":7}},"14":{"start":{"line":38,"column":29},"end":{"line":38,"column":44}},"15":{"start":{"line":40,"column":12},"end":{"line":40,"column":34}},"16":{"start":{"line":42,"column":12},"end":{"line":42,"column":50}},"17":{"start":{"line":49,"column":28},"end":{"line":59,"column":1}},"18":{"start":{"line":50,"column":4},"end":{"line":58,"column":7}},"19":{"start":{"line":52,"column":12},"end":{"line":52,"column":44}},"20":{"start":{"line":54,"column":12},"end":{"line":54,"column":22}},"21":{"start":{"line":61,"column":28},"end":{"line":71,"column":1}},"22":{"start":{"line":62,"column":4},"end":{"line":70,"column":7}},"23":{"start":{"line":64,"column":12},"end":{"line":64,"column":66}},"24":{"start":{"line":66,"column":12},"end":{"line":66,"column":22}},"25":{"start":{"line":73,"column":37},"end":{"line":87,"column":1}},"26":{"start":{"line":74,"column":4},"end":{"line":86,"column":7}},"27":{"start":{"line":76,"column":29},"end":{"line":76,"column":79}},"28":{"start":{"line":78,"column":12},"end":{"line":80,"column":13}},"29":{"start":{"line":79,"column":16},"end":{"line":79,"column":46}},"30":{"start":{"line":82,"column":12},"end":{"line":82,"column":28}},"31":{"start":{"line":89,"column":32},"end":{"line":96,"column":1}},"32":{"start":{"line":90,"column":4},"end":{"line":90,"column":30}},"33":{"start":{"line":91,"column":4},"end":{"line":91,"column":41}},"34":{"start":{"line":92,"column":4},"end":{"line":92,"column":35}},"35":{"start":{"line":93,"column":4},"end":{"line":93,"column":30}},"36":{"start":{"line":94,"column":4},"end":{"line":94,"column":32}},"37":{"start":{"line":95,"column":4},"end":{"line":95,"column":32}},"38":{"start":{"line":98,"column":0},"end":{"line":100,"column":2}}},"fnMap":{"0":{"name":"(anonymous_0)","decl":{"start":{"line":10,"column":31},"end":{"line":10,"column":32}},"loc":{"start":{"line":10,"column":43},"end":{"line":25,"column":1}},"line":10},"1":{"name":"(anonymous_1)","decl":{"start":{"line":12,"column":17},"end":{"line":12,"column":18}},"loc":{"start":{"line":12,"column":33},"end":{"line":21,"column":9}},"line":12},"2":{"name":"(anonymous_2)","decl":{"start":{"line":27,"column":26},"end":{"line":27,"column":27}},"loc":{"start":{"line":27,"column":38},"end":{"line":33,"column":1}},"line":27},"3":{"name":"(anonymous_3)","decl":{"start":{"line":29,"column":17},"end":{"line":29,"column":18}},"loc":{"start":{"line":29,"column":23},"end":{"line":29,"column":40}},"line":29},"4":{"name":"(anonymous_4)","decl":{"start":{"line":35,"column":26},"end":{"line":35,"column":27}},"loc":{"start":{"line":35,"column":38},"end":{"line":47,"column":1}},"line":35},"5":{"name":"(anonymous_5)","decl":{"start":{"line":37,"column":17},"end":{"line":37,"column":18}},"loc":{"start":{"line":37,"column":33},"end":{"line":43,"column":9}},"line":37},"6":{"name":"(anonymous_6)","decl":{"start":{"line":49,"column":28},"end":{"line":49,"column":29}},"loc":{"start":{"line":49,"column":40},"end":{"line":59,"column":1}},"line":49},"7":{"name":"(anonymous_7)","decl":{"start":{"line":51,"column":17},"end":{"line":51,"column":18}},"loc":{"start":{"line":51,"column":30},"end":{"line":55,"column":9}},"line":51},"8":{"name":"(anonymous_8)","decl":{"start":{"line":61,"column":28},"end":{"line":61,"column":29}},"loc":{"start":{"line":61,"column":40},"end":{"line":71,"column":1}},"line":61},"9":{"name":"(anonymous_9)","decl":{"start":{"line":63,"column":17},"end":{"line":63,"column":18}},"loc":{"start":{"line":63,"column":30},"end":{"line":67,"column":9}},"line":63},"10":{"name":"(anonymous_10)","decl":{"start":{"line":73,"column":37},"end":{"line":73,"column":38}},"loc":{"start":{"line":73,"column":49},"end":{"line":87,"column":1}},"line":73},"11":{"name":"(anonymous_11)","decl":{"start":{"line":75,"column":17},"end":{"line":75,"column":18}},"loc":{"start":{"line":75,"column":33},"end":{"line":83,"column":9}},"line":75},"12":{"name":"(anonymous_12)","decl":{"start":{"line":89,"column":32},"end":{"line":89,"column":33}},"loc":{"start":{"line":89,"column":44},"end":{"line":96,"column":1}},"line":89}},"branchMap":{"0":{"loc":{"start":{"line":16,"column":12},"end":{"line":18,"column":13}},"type":"if","locations":[{"start":{"line":16,"column":12},"end":{"line":18,"column":13}},{"start":{"line":16,"column":12},"end":{"line":18,"column":13}}],"line":16},"1":{"loc":{"start":{"line":78,"column":12},"end":{"line":80,"column":13}},"type":"if","locations":[{"start":{"line":78,"column":12},"end":{"line":80,"column":13}},{"start":{"line":78,"column":12},"end":{"line":80,"column":13}}],"line":78}},"s":{"0":1,"1":1,"2":1,"3":1,"4":2,"5":2,"6":2,"7":1,"8":1,"9":1,"10":1,"11":1,"12":1,"13":1,"14":1,"15":1,"16":1,"17":1,"18":1,"19":1,"20":1,"21":1,"22":1,"23":1,"24":1,"25":1,"26":1,"27":2,"28":2,"29":1,"30":1,"31":1,"32":1,"33":1,"34":1,"35":1,"36":1,"37":1,"38":1},"f":{"0":1,"1":2,"2":1,"3":1,"4":1,"5":1,"6":1,"7":1,"8":1,"9":1,"10":1,"11":2,"12":1},"b":{"0":[1,1],"1":[1,1]},"_coverageSchema":"1a1c01bbd47fc00a2c39e90264f33305004495a9","hash":"841a473a1ab1efb6d43816709c4e56a91d6742e9"}
,"C:\\Users\\bagel\\Documents\\School\\Spring2020\\SoftwareEngineering\\drake-cs188-master-april14\\repositories\\cart-repository.js": {"path":"C:\\Users\\bagel\\Documents\\School\\Spring2020\\SoftwareEngineering\\drake-cs188-master-april14\\repositories\\cart-repository.js","statementMap":{"0":{"start":{"line":1,"column":12},"end":{"line":10,"column":1}},"1":{"start":{"line":12,"column":20},"end":{"line":14,"column":2}},"2":{"start":{"line":12,"column":27},"end":{"line":14,"column":1}},"3":{"start":{"line":16,"column":27},"end":{"line":17,"column":52}},"4":{"start":{"line":17,"column":4},"end":{"line":17,"column":52}},"5":{"start":{"line":17,"column":25},"end":{"line":17,"column":51}},"6":{"start":{"line":19,"column":32},"end":{"line":21,"column":2}},"7":{"start":{"line":19,"column":49},"end":{"line":21,"column":1}},"8":{"start":{"line":20,"column":33},"end":{"line":20,"column":67}},"9":{"start":{"line":23,"column":19},"end":{"line":32,"column":1}},"10":{"start":{"line":24,"column":31},"end":{"line":26,"column":5}},"11":{"start":{"line":25,"column":8},"end":{"line":25,"column":50}},"12":{"start":{"line":28,"column":4},"end":{"line":31,"column":6}},"13":{"start":{"line":34,"column":19},"end":{"line":34,"column":45}},"14":{"start":{"line":34,"column":29},"end":{"line":34,"column":45}},"15":{"start":{"line":36,"column":27},"end":{"line":38,"column":1}},"16":{"start":{"line":37,"column":4},"end":{"line":37,"column":63}},"17":{"start":{"line":37,"column":35},"end":{"line":37,"column":61}},"18":{"start":{"line":40,"column":0},"end":{"line":47,"column":2}}},"fnMap":{"0":{"name":"(anonymous_0)","decl":{"start":{"line":12,"column":20},"end":{"line":12,"column":21}},"loc":{"start":{"line":12,"column":27},"end":{"line":14,"column":1}},"line":12},"1":{"name":"(anonymous_1)","decl":{"start":{"line":16,"column":27},"end":{"line":16,"column":28}},"loc":{"start":{"line":17,"column":4},"end":{"line":17,"column":52}},"line":17},"2":{"name":"(anonymous_2)","decl":{"start":{"line":17,"column":15},"end":{"line":17,"column":16}},"loc":{"start":{"line":17,"column":25},"end":{"line":17,"column":51}},"line":17},"3":{"name":"(anonymous_3)","decl":{"start":{"line":19,"column":32},"end":{"line":19,"column":33}},"loc":{"start":{"line":19,"column":49},"end":{"line":21,"column":1}},"line":19},"4":{"name":"(anonymous_4)","decl":{"start":{"line":20,"column":23},"end":{"line":20,"column":24}},"loc":{"start":{"line":20,"column":33},"end":{"line":20,"column":67}},"line":20},"5":{"name":"(anonymous_5)","decl":{"start":{"line":23,"column":19},"end":{"line":23,"column":20}},"loc":{"start":{"line":23,"column":36},"end":{"line":32,"column":1}},"line":23},"6":{"name":"(anonymous_6)","decl":{"start":{"line":24,"column":44},"end":{"line":24,"column":45}},"loc":{"start":{"line":25,"column":8},"end":{"line":25,"column":50}},"line":25},"7":{"name":"(anonymous_7)","decl":{"start":{"line":34,"column":19},"end":{"line":34,"column":20}},"loc":{"start":{"line":34,"column":29},"end":{"line":34,"column":45}},"line":34},"8":{"name":"(anonymous_8)","decl":{"start":{"line":36,"column":27},"end":{"line":36,"column":28}},"loc":{"start":{"line":36,"column":39},"end":{"line":38,"column":1}},"line":36},"9":{"name":"(anonymous_9)","decl":{"start":{"line":37,"column":25},"end":{"line":37,"column":26}},"loc":{"start":{"line":37,"column":35},"end":{"line":37,"column":61}},"line":37}},"branchMap":{},"s":{"0":4,"1":4,"2":1,"3":4,"4":2,"5":3,"6":4,"7":2,"8":4,"9":4,"10":0,"11":0,"12":0,"13":4,"14":0,"15":4,"16":0,"17":0,"18":4},"f":{"0":1,"1":2,"2":3,"3":2,"4":4,"5":0,"6":0,"7":0,"8":0,"9":0},"b":{},"_coverageSchema":"1a1c01bbd47fc00a2c39e90264f33305004495a9","hash":"586dea45cda1172b377a3bac6ebd3f331c839077"}
,"C:\\Users\\bagel\\Documents\\School\\Spring2020\\SoftwareEngineering\\drake-cs188-master-april14\\repositories\\customer-repository.js": {"path":"C:\\Users\\bagel\\Documents\\School\\Spring2020\\SoftwareEngineering\\drake-cs188-master-april14\\repositories\\customer-repository.js","statementMap":{"0":{"start":{"line":1,"column":16},"end":{"line":8,"column":1}},"1":{"start":{"line":10,"column":24},"end":{"line":12,"column":2}},"2":{"start":{"line":10,"column":31},"end":{"line":12,"column":1}},"3":{"start":{"line":14,"column":35},"end":{"line":15,"column":72}},"4":{"start":{"line":15,"column":4},"end":{"line":15,"column":72}},"5":{"start":{"line":15,"column":33},"end":{"line":15,"column":71}},"6":{"start":{"line":17,"column":23},"end":{"line":17,"column":61}},"7":{"start":{"line":17,"column":37},"end":{"line":17,"column":61}},"8":{"start":{"line":19,"column":23},"end":{"line":28,"column":1}},"9":{"start":{"line":20,"column":35},"end":{"line":22,"column":5}},"10":{"start":{"line":21,"column":8},"end":{"line":21,"column":66}},"11":{"start":{"line":24,"column":4},"end":{"line":27,"column":6}},"12":{"start":{"line":30,"column":35},"end":{"line":34,"column":1}},"13":{"start":{"line":31,"column":4},"end":{"line":33,"column":6}},"14":{"start":{"line":32,"column":8},"end":{"line":32,"column":46}},"15":{"start":{"line":36,"column":0},"end":{"line":42,"column":2}}},"fnMap":{"0":{"name":"(anonymous_0)","decl":{"start":{"line":10,"column":24},"end":{"line":10,"column":25}},"loc":{"start":{"line":10,"column":31},"end":{"line":12,"column":1}},"line":10},"1":{"name":"(anonymous_1)","decl":{"start":{"line":14,"column":35},"end":{"line":14,"column":36}},"loc":{"start":{"line":15,"column":4},"end":{"line":15,"column":72}},"line":15},"2":{"name":"(anonymous_2)","decl":{"start":{"line":15,"column":19},"end":{"line":15,"column":20}},"loc":{"start":{"line":15,"column":33},"end":{"line":15,"column":71}},"line":15},"3":{"name":"(anonymous_3)","decl":{"start":{"line":17,"column":23},"end":{"line":17,"column":24}},"loc":{"start":{"line":17,"column":37},"end":{"line":17,"column":61}},"line":17},"4":{"name":"(anonymous_4)","decl":{"start":{"line":19,"column":23},"end":{"line":19,"column":24}},"loc":{"start":{"line":19,"column":44},"end":{"line":28,"column":1}},"line":19},"5":{"name":"(anonymous_5)","decl":{"start":{"line":20,"column":52},"end":{"line":20,"column":53}},"loc":{"start":{"line":21,"column":8},"end":{"line":21,"column":66}},"line":21},"6":{"name":"(anonymous_6)","decl":{"start":{"line":30,"column":35},"end":{"line":30,"column":36}},"loc":{"start":{"line":30,"column":51},"end":{"line":34,"column":1}},"line":30},"7":{"name":"(anonymous_7)","decl":{"start":{"line":31,"column":33},"end":{"line":31,"column":34}},"loc":{"start":{"line":32,"column":8},"end":{"line":32,"column":46}},"line":32}},"branchMap":{},"s":{"0":3,"1":3,"2":3,"3":3,"4":2,"5":3,"6":3,"7":1,"8":3,"9":1,"10":1,"11":1,"12":3,"13":1,"14":1,"15":3},"f":{"0":3,"1":2,"2":3,"3":1,"4":1,"5":1,"6":1,"7":1},"b":{},"_coverageSchema":"1a1c01bbd47fc00a2c39e90264f33305004495a9","hash":"96e162b13b7644e136180e5fc72bb2e0b5995b3f"}
,"C:\\Users\\bagel\\Documents\\School\\Spring2020\\SoftwareEngineering\\drake-cs188-master-april14\\services\\cart-service.js": {"path":"C:\\Users\\bagel\\Documents\\School\\Spring2020\\SoftwareEngineering\\drake-cs188-master-april14\\services\\cart-service.js","statementMap":{"0":{"start":{"line":8,"column":4},"end":{"line":8,"column":46}},"1":{"start":{"line":10,"column":19},"end":{"line":13,"column":2}},"2":{"start":{"line":10,"column":30},"end":{"line":13,"column":1}},"3":{"start":{"line":15,"column":17},"end":{"line":18,"column":2}},"4":{"start":{"line":15,"column":28},"end":{"line":18,"column":1}},"5":{"start":{"line":20,"column":20},"end":{"line":24,"column":1}},"6":{"start":{"line":21,"column":19},"end":{"line":21,"column":32}},"7":{"start":{"line":23,"column":4},"end":{"line":23,"column":32}},"8":{"start":{"line":26,"column":24},"end":{"line":34,"column":1}},"9":{"start":{"line":27,"column":17},"end":{"line":27,"column":43}},"10":{"start":{"line":29,"column":4},"end":{"line":31,"column":5}},"11":{"start":{"line":30,"column":8},"end":{"line":30,"column":20}},"12":{"start":{"line":33,"column":4},"end":{"line":33,"column":28}},"13":{"start":{"line":36,"column":29},"end":{"line":40,"column":1}},"14":{"start":{"line":37,"column":19},"end":{"line":37,"column":54}},"15":{"start":{"line":39,"column":4},"end":{"line":39,"column":32}},"16":{"start":{"line":42,"column":16},"end":{"line":42,"column":52}},"17":{"start":{"line":42,"column":26},"end":{"line":42,"column":52}},"18":{"start":{"line":43,"column":19},"end":{"line":43,"column":55}},"19":{"start":{"line":43,"column":29},"end":{"line":43,"column":55}},"20":{"start":{"line":44,"column":27},"end":{"line":44,"column":65}},"21":{"start":{"line":44,"column":39},"end":{"line":44,"column":65}},"22":{"start":{"line":46,"column":0},"end":{"line":53,"column":2}}},"fnMap":{"0":{"name":"(anonymous_0)","decl":{"start":{"line":10,"column":19},"end":{"line":10,"column":20}},"loc":{"start":{"line":10,"column":30},"end":{"line":13,"column":1}},"line":10},"1":{"name":"(anonymous_1)","decl":{"start":{"line":15,"column":17},"end":{"line":15,"column":18}},"loc":{"start":{"line":15,"column":28},"end":{"line":18,"column":1}},"line":15},"2":{"name":"(anonymous_2)","decl":{"start":{"line":20,"column":20},"end":{"line":20,"column":21}},"loc":{"start":{"line":20,"column":26},"end":{"line":24,"column":1}},"line":20},"3":{"name":"(anonymous_3)","decl":{"start":{"line":26,"column":24},"end":{"line":26,"column":25}},"loc":{"start":{"line":26,"column":36},"end":{"line":34,"column":1}},"line":26},"4":{"name":"(anonymous_4)","decl":{"start":{"line":36,"column":29},"end":{"line":36,"column":30}},"loc":{"start":{"line":36,"column":45},"end":{"line":40,"column":1}},"line":36},"5":{"name":"(anonymous_5)","decl":{"start":{"line":42,"column":16},"end":{"line":42,"column":17}},"loc":{"start":{"line":42,"column":26},"end":{"line":42,"column":52}},"line":42},"6":{"name":"(anonymous_6)","decl":{"start":{"line":43,"column":19},"end":{"line":43,"column":20}},"loc":{"start":{"line":43,"column":29},"end":{"line":43,"column":55}},"line":43},"7":{"name":"(anonymous_7)","decl":{"start":{"line":44,"column":27},"end":{"line":44,"column":28}},"loc":{"start":{"line":44,"column":39},"end":{"line":44,"column":65}},"line":44}},"branchMap":{"0":{"loc":{"start":{"line":29,"column":4},"end":{"line":31,"column":5}},"type":"if","locations":[{"start":{"line":29,"column":4},"end":{"line":31,"column":5}},{"start":{"line":29,"column":4},"end":{"line":31,"column":5}}],"line":29}},"s":{"0":3,"1":3,"2":3,"3":3,"4":0,"5":3,"6":1,"7":1,"8":3,"9":1,"10":1,"11":0,"12":1,"13":3,"14":1,"15":1,"16":3,"17":0,"18":3,"19":0,"20":3,"21":0,"22":3},"f":{"0":3,"1":0,"2":1,"3":1,"4":1,"5":0,"6":0,"7":0},"b":{"0":[0,1]},"_coverageSchema":"1a1c01bbd47fc00a2c39e90264f33305004495a9","hash":"46564e84e8ca8d05efb0e78b2ca33bdee0ed8f6c"}
,"C:\\Users\\bagel\\Documents\\School\\Spring2020\\SoftwareEngineering\\drake-cs188-master-april14\\services\\customer-service.js": {"path":"C:\\Users\\bagel\\Documents\\School\\Spring2020\\SoftwareEngineering\\drake-cs188-master-april14\\services\\customer-service.js","statementMap":{"0":{"start":{"line":7,"column":4},"end":{"line":7,"column":50}},"1":{"start":{"line":9,"column":19},"end":{"line":14,"column":2}},"2":{"start":{"line":9,"column":34},"end":{"line":14,"column":1}},"3":{"start":{"line":16,"column":17},"end":{"line":21,"column":2}},"4":{"start":{"line":16,"column":32},"end":{"line":21,"column":1}},"5":{"start":{"line":23,"column":24},"end":{"line":27,"column":1}},"6":{"start":{"line":24,"column":19},"end":{"line":24,"column":36}},"7":{"start":{"line":26,"column":4},"end":{"line":26,"column":32}},"8":{"start":{"line":29,"column":32},"end":{"line":37,"column":1}},"9":{"start":{"line":30,"column":21},"end":{"line":30,"column":59}},"10":{"start":{"line":32,"column":4},"end":{"line":34,"column":5}},"11":{"start":{"line":33,"column":8},"end":{"line":33,"column":20}},"12":{"start":{"line":36,"column":4},"end":{"line":36,"column":32}},"13":{"start":{"line":39,"column":20},"end":{"line":39,"column":68}},"14":{"start":{"line":39,"column":34},"end":{"line":39,"column":68}},"15":{"start":{"line":40,"column":23},"end":{"line":40,"column":71}},"16":{"start":{"line":40,"column":37},"end":{"line":40,"column":71}},"17":{"start":{"line":41,"column":35},"end":{"line":41,"column":89}},"18":{"start":{"line":41,"column":51},"end":{"line":41,"column":89}},"19":{"start":{"line":43,"column":0},"end":{"line":49,"column":2}}},"fnMap":{"0":{"name":"(anonymous_0)","decl":{"start":{"line":9,"column":19},"end":{"line":9,"column":20}},"loc":{"start":{"line":9,"column":34},"end":{"line":14,"column":1}},"line":9},"1":{"name":"(anonymous_1)","decl":{"start":{"line":16,"column":17},"end":{"line":16,"column":18}},"loc":{"start":{"line":16,"column":32},"end":{"line":21,"column":1}},"line":16},"2":{"name":"(anonymous_2)","decl":{"start":{"line":23,"column":24},"end":{"line":23,"column":25}},"loc":{"start":{"line":23,"column":30},"end":{"line":27,"column":1}},"line":23},"3":{"name":"(anonymous_3)","decl":{"start":{"line":29,"column":32},"end":{"line":29,"column":33}},"loc":{"start":{"line":29,"column":48},"end":{"line":37,"column":1}},"line":29},"4":{"name":"(anonymous_4)","decl":{"start":{"line":39,"column":20},"end":{"line":39,"column":21}},"loc":{"start":{"line":39,"column":34},"end":{"line":39,"column":68}},"line":39},"5":{"name":"(anonymous_5)","decl":{"start":{"line":40,"column":23},"end":{"line":40,"column":24}},"loc":{"start":{"line":40,"column":37},"end":{"line":40,"column":71}},"line":40},"6":{"name":"(anonymous_6)","decl":{"start":{"line":41,"column":35},"end":{"line":41,"column":36}},"loc":{"start":{"line":41,"column":51},"end":{"line":41,"column":89}},"line":41}},"branchMap":{"0":{"loc":{"start":{"line":32,"column":4},"end":{"line":34,"column":5}},"type":"if","locations":[{"start":{"line":32,"column":4},"end":{"line":34,"column":5}},{"start":{"line":32,"column":4},"end":{"line":34,"column":5}}],"line":32}},"s":{"0":2,"1":2,"2":2,"3":2,"4":2,"5":2,"6":1,"7":1,"8":2,"9":2,"10":2,"11":1,"12":1,"13":2,"14":1,"15":2,"16":1,"17":2,"18":1,"19":2},"f":{"0":2,"1":2,"2":1,"3":2,"4":1,"5":1,"6":1},"b":{"0":[1,1]},"_coverageSchema":"1a1c01bbd47fc00a2c39e90264f33305004495a9","hash":"57cf0b2faeeb9692dedbad6aa15da3e91637a90d"}
}
