TN:
SF:controllers\cart-controller.js
FN:9,(anonymous_0)
FN:11,(anonymous_1)
FN:17,(anonymous_2)
FN:19,(anonymous_3)
FN:33,(anonymous_4)
FN:35,(anonymous_5)
FN:51,(anonymous_6)
FN:53,(anonymous_7)
FN:65,(anonymous_8)
FN:67,(anonymous_9)
FN:85,(anonymous_10)
FNF:11
FNH:8
FNDA:1,(anonymous_0)
FNDA:1,(anonymous_1)
FNDA:1,(anonymous_2)
FNDA:2,(anonymous_3)
FNDA:1,(anonymous_4)
FNDA:0,(anonymous_5)
FNDA:1,(anonymous_6)
FNDA:0,(anonymous_7)
FNDA:1,(anonymous_8)
FNDA:0,(anonymous_9)
FNDA:1,(anonymous_10)
DA:7,1
DA:9,1
DA:10,1
DA:11,1
DA:17,1
DA:18,1
DA:20,2
DA:22,2
DA:23,1
DA:26,1
DA:33,1
DA:34,1
DA:36,0
DA:38,0
DA:39,0
DA:42,0
DA:44,0
DA:51,1
DA:52,1
DA:54,0
DA:56,0
DA:58,0
DA:65,1
DA:66,1
DA:68,0
DA:70,0
DA:72,0
DA:73,0
DA:76,0
DA:78,0
DA:85,1
DA:86,1
DA:87,1
DA:88,1
DA:89,1
DA:90,1
DA:93,1
LF:37
LH:23
BRDA:22,0,0,1
BRDA:22,0,1,1
BRDA:38,1,0,0
BRDA:38,1,1,0
BRDA:72,2,0,0
BRDA:72,2,1,0
BRF:6
BRH:2
end_of_record
TN:
SF:controllers\customer-controller.js
FN:10,(anonymous_0)
FN:12,(anonymous_1)
FN:27,(anonymous_2)
FN:29,(anonymous_3)
FN:35,(anonymous_4)
FN:37,(anonymous_5)
FN:49,(anonymous_6)
FN:51,(anonymous_7)
FN:61,(anonymous_8)
FN:63,(anonymous_9)
FN:73,(anonymous_10)
FN:75,(anonymous_11)
FN:89,(anonymous_12)
FNF:13
FNH:13
FNDA:1,(anonymous_0)
FNDA:2,(anonymous_1)
FNDA:1,(anonymous_2)
FNDA:1,(anonymous_3)
FNDA:1,(anonymous_4)
FNDA:1,(anonymous_5)
FNDA:1,(anonymous_6)
FNDA:1,(anonymous_7)
FNDA:1,(anonymous_8)
FNDA:1,(anonymous_9)
FNDA:1,(anonymous_10)
FNDA:2,(anonymous_11)
FNDA:1,(anonymous_12)
DA:7,1
DA:8,1
DA:10,1
DA:11,1
DA:13,2
DA:14,2
DA:16,2
DA:17,1
DA:20,1
DA:27,1
DA:28,1
DA:29,1
DA:35,1
DA:36,1
DA:38,1
DA:40,1
DA:42,1
DA:49,1
DA:50,1
DA:52,1
DA:54,1
DA:61,1
DA:62,1
DA:64,1
DA:66,1
DA:73,1
DA:74,1
DA:76,2
DA:78,2
DA:79,1
DA:82,1
DA:89,1
DA:90,1
DA:91,1
DA:92,1
DA:93,1
DA:94,1
DA:95,1
DA:98,1
LF:39
LH:39
BRDA:16,0,0,1
BRDA:16,0,1,1
BRDA:78,1,0,1
BRDA:78,1,1,1
BRF:4
BRH:4
end_of_record
TN:
SF:repositories\cart-repository.js
FN:12,(anonymous_0)
FN:16,(anonymous_1)
FN:17,(anonymous_2)
FN:19,(anonymous_3)
FN:20,(anonymous_4)
FN:23,(anonymous_5)
FN:24,(anonymous_6)
FN:34,(anonymous_7)
FN:36,(anonymous_8)
FN:37,(anonymous_9)
FNF:10
FNH:5
FNDA:1,(anonymous_0)
FNDA:2,(anonymous_1)
FNDA:3,(anonymous_2)
FNDA:2,(anonymous_3)
FNDA:4,(anonymous_4)
FNDA:0,(anonymous_5)
FNDA:0,(anonymous_6)
FNDA:0,(anonymous_7)
FNDA:0,(anonymous_8)
FNDA:0,(anonymous_9)
DA:1,4
DA:12,4
DA:16,4
DA:17,3
DA:19,4
DA:20,4
DA:23,4
DA:24,0
DA:25,0
DA:28,0
DA:34,4
DA:36,4
DA:37,0
DA:40,4
LF:14
LH:10
BRF:0
BRH:0
end_of_record
TN:
SF:repositories\customer-repository.js
FN:10,(anonymous_0)
FN:14,(anonymous_1)
FN:15,(anonymous_2)
FN:17,(anonymous_3)
FN:19,(anonymous_4)
FN:20,(anonymous_5)
FN:30,(anonymous_6)
FN:31,(anonymous_7)
FNF:8
FNH:8
FNDA:3,(anonymous_0)
FNDA:2,(anonymous_1)
FNDA:3,(anonymous_2)
FNDA:1,(anonymous_3)
FNDA:1,(anonymous_4)
FNDA:1,(anonymous_5)
FNDA:1,(anonymous_6)
FNDA:1,(anonymous_7)
DA:1,3
DA:10,3
DA:14,3
DA:15,3
DA:17,3
DA:19,3
DA:20,1
DA:21,1
DA:24,1
DA:30,3
DA:31,1
DA:32,1
DA:36,3
LF:13
LH:13
BRF:0
BRH:0
end_of_record
TN:
SF:services\cart-service.js
FN:10,(anonymous_0)
FN:15,(anonymous_1)
FN:20,(anonymous_2)
FN:26,(anonymous_3)
FN:36,(anonymous_4)
FN:42,(anonymous_5)
FN:43,(anonymous_6)
FN:44,(anonymous_7)
FNF:8
FNH:4
FNDA:3,(anonymous_0)
FNDA:0,(anonymous_1)
FNDA:1,(anonymous_2)
FNDA:1,(anonymous_3)
FNDA:1,(anonymous_4)
FNDA:0,(anonymous_5)
FNDA:0,(anonymous_6)
FNDA:0,(anonymous_7)
DA:8,3
DA:10,3
DA:15,3
DA:20,3
DA:21,1
DA:23,1
DA:26,3
DA:27,1
DA:29,1
DA:30,0
DA:33,1
DA:36,3
DA:37,1
DA:39,1
DA:42,3
DA:43,3
DA:44,3
DA:46,3
LF:18
LH:17
BRDA:29,0,0,0
BRDA:29,0,1,1
BRF:2
BRH:1
end_of_record
TN:
SF:services\customer-service.js
FN:9,(anonymous_0)
FN:16,(anonymous_1)
FN:23,(anonymous_2)
FN:29,(anonymous_3)
FN:39,(anonymous_4)
FN:40,(anonymous_5)
FN:41,(anonymous_6)
FNF:7
FNH:7
FNDA:2,(anonymous_0)
FNDA:2,(anonymous_1)
FNDA:1,(anonymous_2)
FNDA:2,(anonymous_3)
FNDA:1,(anonymous_4)
FNDA:1,(anonymous_5)
FNDA:1,(anonymous_6)
DA:7,2
DA:9,2
DA:16,2
DA:23,2
DA:24,1
DA:26,1
DA:29,2
DA:30,2
DA:32,2
DA:33,1
DA:36,1
DA:39,2
DA:40,2
DA:41,2
DA:43,2
LF:15
LH:15
BRDA:32,0,0,1
BRDA:32,0,1,1
BRF:2
BRH:2
end_of_record
